{"contracts/BookRental.sol":{"l":{"63":87,"64":87,"73":14,"75":13,"76":13,"78":13,"83":1,"85":1,"88":1,"89":1,"90":2,"91":1,"92":1,"93":1,"95":1,"98":1,"103":1,"108":1,"113":4,"116":4,"117":4,"119":4,"120":12,"121":12,"122":12,"123":12,"127":4,"130":4,"134":4,"147":30,"148":29,"150":28,"151":28,"163":28,"164":28,"171":27,"173":26,"174":26,"175":25,"176":24,"178":23,"179":23,"181":22,"182":22,"183":22,"184":22,"185":22,"187":22,"189":22,"195":14,"196":14,"197":14,"199":13,"200":13,"202":13,"209":6,"210":6,"213":6,"214":1,"218":5,"219":5,"220":5,"221":5,"223":5,"224":0,"228":5,"229":5,"230":5,"231":5,"232":5,"236":5,"238":5,"239":5,"241":5,"242":0,"243":0,"245":5,"246":5,"247":5,"252":5,"253":5,"254":5,"256":5,"258":5,"259":5,"261":5,"262":5,"265":5,"271":4,"272":4,"273":4,"276":4,"277":4,"279":4,"280":4,"282":4,"289":2,"291":1,"292":1,"294":1,"297":1,"299":1,"300":1,"301":1,"303":1,"305":1,"312":0},"path":"/home/hrwarrior/Documents/DAppBook/contracts/BookRental.sol","s":{"1":87,"2":14,"3":13,"4":13,"5":1,"6":1,"7":1,"8":2,"9":1,"10":1,"11":1,"12":1,"13":4,"14":4,"15":4,"16":4,"17":12,"18":12,"19":4,"20":4,"21":4,"22":30,"23":29,"24":28,"25":28,"26":27,"27":26,"28":26,"29":25,"30":24,"31":23,"32":23,"33":22,"34":14,"35":14,"36":14,"37":13,"38":6,"39":6,"40":6,"41":5,"42":5,"43":5,"44":5,"45":5,"46":5,"47":5,"48":5,"49":5,"50":5,"51":5,"52":5,"53":5,"54":5,"55":5,"56":5,"57":5,"58":4,"59":4,"60":4,"61":4,"62":4,"63":2,"64":1,"65":1,"66":1,"67":1,"68":1,"69":0},"b":{"1":[1,13],"2":[0,1],"3":[1,1],"4":[12,0],"5":[0,4],"6":[1,29],"7":[1,28],"8":[27,0],"9":[1,26],"10":[1,25],"11":[1,24],"12":[1,23],"13":[1,22],"14":[0,14],"15":[1,13],"16":[6,0],"17":[0,6],"18":[1,5],"19":[5,0],"20":[0,5],"21":[4,1],"22":[1,4],"23":[1,4],"24":[0,5],"25":[5,0],"26":[5,0],"27":[0,4],"28":[0,4],"29":[2,0],"30":[1,1],"31":[0,1]},"f":{"1":87,"2":14,"3":1,"4":1,"5":1,"6":4,"7":30,"8":27,"9":14,"10":6,"11":4,"12":2,"13":0},"fnMap":{"1":{"name":"constructor","line":61,"loc":{"start":{"line":61,"column":4},"end":{"line":65,"column":4}}},"2":{"name":"registerAsArbitrator","line":72,"loc":{"start":{"line":72,"column":4},"end":{"line":79,"column":4}}},"3":{"name":"unregisterAsArbitrator","line":82,"loc":{"start":{"line":82,"column":4},"end":{"line":99,"column":4}}},"4":{"name":"getArbitratorCount","line":102,"loc":{"start":{"line":102,"column":4},"end":{"line":104,"column":4}}},"5":{"name":"getArbitratorPool","line":107,"loc":{"start":{"line":107,"column":4},"end":{"line":109,"column":4}}},"6":{"name":"_pickRandomArbitrator","line":112,"loc":{"start":{"line":112,"column":4},"end":{"line":135,"column":4}}},"7":{"name":"listItem","line":146,"loc":{"start":{"line":146,"column":4},"end":{"line":165,"column":4}}},"8":{"name":"rentItem","line":170,"loc":{"start":{"line":170,"column":4},"end":{"line":190,"column":4}}},"9":{"name":"returnItem","line":194,"loc":{"start":{"line":194,"column":4},"end":{"line":203,"column":4}}},"10":{"name":"confirmReturn","line":208,"loc":{"start":{"line":208,"column":4},"end":{"line":266,"column":4}}},"11":{"name":"raiseDispute","line":270,"loc":{"start":{"line":270,"column":4},"end":{"line":283,"column":4}}},"12":{"name":"resolveDispute","line":288,"loc":{"start":{"line":288,"column":4},"end":{"line":306,"column":4}}},"13":{"name":"getItem","line":311,"loc":{"start":{"line":311,"column":4},"end":{"line":313,"column":4}}}},"statementMap":{"1":{"start":{"line":64,"column":8},"end":{"line":64,"column":38}},"2":{"start":{"line":73,"column":8},"end":{"line":73,"column":76}},"3":{"start":{"line":76,"column":8},"end":{"line":76,"column":38}},"4":{"start":{"line":78,"column":8},"end":{"line":78,"column":45}},"5":{"start":{"line":83,"column":8},"end":{"line":83,"column":73}},"6":{"start":{"line":88,"column":8},"end":{"line":88,"column":46}},"7":{"start":{"line":89,"column":8},"end":{"line":89,"column":3417}},"8":{"start":{"line":90,"column":12},"end":{"line":90,"column":3469}},"9":{"start":{"line":92,"column":16},"end":{"line":92,"column":35}},"10":{"start":{"line":98,"column":8},"end":{"line":98,"column":42}},"11":{"start":{"line":103,"column":8},"end":{"line":103,"column":36}},"12":{"start":{"line":108,"column":8},"end":{"line":108,"column":29}},"13":{"start":{"line":113,"column":8},"end":{"line":113,"column":48}},"14":{"start":{"line":116,"column":8},"end":{"line":116,"column":59}},"15":{"start":{"line":117,"column":8},"end":{"line":117,"column":33}},"16":{"start":{"line":119,"column":8},"end":{"line":119,"column":4508}},"17":{"start":{"line":120,"column":12},"end":{"line":120,"column":49}},"18":{"start":{"line":121,"column":12},"end":{"line":121,"column":4616}},"19":{"start":{"line":127,"column":8},"end":{"line":127,"column":74}},"20":{"start":{"line":130,"column":8},"end":{"line":130,"column":4941}},"21":{"start":{"line":134,"column":8},"end":{"line":134,"column":36}},"22":{"start":{"line":147,"column":8},"end":{"line":147,"column":77}},"23":{"start":{"line":148,"column":8},"end":{"line":148,"column":77}},"24":{"start":{"line":163,"column":8},"end":{"line":163,"column":58}},"25":{"start":{"line":164,"column":8},"end":{"line":164,"column":26}},"26":{"start":{"line":171,"column":8},"end":{"line":171,"column":66}},"27":{"start":{"line":173,"column":8},"end":{"line":173,"column":42}},"28":{"start":{"line":174,"column":8},"end":{"line":174,"column":79}},"29":{"start":{"line":175,"column":8},"end":{"line":175,"column":76}},"30":{"start":{"line":176,"column":8},"end":{"line":176,"column":99}},"31":{"start":{"line":178,"column":8},"end":{"line":178,"column":71}},"32":{"start":{"line":179,"column":8},"end":{"line":179,"column":81}},"33":{"start":{"line":189,"column":8},"end":{"line":189,"column":44}},"34":{"start":{"line":195,"column":8},"end":{"line":195,"column":42}},"35":{"start":{"line":196,"column":8},"end":{"line":196,"column":76}},"36":{"start":{"line":197,"column":8},"end":{"line":197,"column":69}},"37":{"start":{"line":202,"column":8},"end":{"line":202,"column":46}},"38":{"start":{"line":209,"column":8},"end":{"line":209,"column":42}},"39":{"start":{"line":210,"column":8},"end":{"line":210,"column":85}},"40":{"start":{"line":213,"column":8},"end":{"line":213,"column":8428}},"41":{"start":{"line":218,"column":8},"end":{"line":218,"column":60}},"42":{"start":{"line":219,"column":8},"end":{"line":219,"column":48}},"43":{"start":{"line":220,"column":8},"end":{"line":220,"column":8749}},"44":{"start":{"line":223,"column":8},"end":{"line":223,"column":8851}},"45":{"start":{"line":228,"column":8},"end":{"line":228,"column":31}},"46":{"start":{"line":230,"column":12},"end":{"line":230,"column":67}},"47":{"start":{"line":231,"column":12},"end":{"line":231,"column":69}},"48":{"start":{"line":236,"column":8},"end":{"line":236,"column":108}},"49":{"start":{"line":238,"column":8},"end":{"line":238,"column":28}},"50":{"start":{"line":239,"column":8},"end":{"line":239,"column":28}},"51":{"start":{"line":241,"column":8},"end":{"line":241,"column":9578}},"52":{"start":{"line":253,"column":8},"end":{"line":253,"column":52}},"53":{"start":{"line":258,"column":8},"end":{"line":258,"column":10208}},"54":{"start":{"line":259,"column":12},"end":{"line":259,"column":44}},"55":{"start":{"line":261,"column":8},"end":{"line":261,"column":10297}},"56":{"start":{"line":262,"column":12},"end":{"line":262,"column":48}},"57":{"start":{"line":265,"column":8},"end":{"line":265,"column":51}},"58":{"start":{"line":271,"column":8},"end":{"line":271,"column":42}},"59":{"start":{"line":272,"column":8},"end":{"line":272,"column":85}},"60":{"start":{"line":273,"column":8},"end":{"line":273,"column":100}},"61":{"start":{"line":276,"column":8},"end":{"line":276,"column":90}},"62":{"start":{"line":282,"column":8},"end":{"line":282,"column":65}},"63":{"start":{"line":289,"column":8},"end":{"line":289,"column":89}},"64":{"start":{"line":291,"column":8},"end":{"line":291,"column":42}},"65":{"start":{"line":292,"column":8},"end":{"line":292,"column":79}},"66":{"start":{"line":294,"column":8},"end":{"line":294,"column":65}},"67":{"start":{"line":303,"column":8},"end":{"line":303,"column":34}},"68":{"start":{"line":305,"column":8},"end":{"line":305,"column":46}},"69":{"start":{"line":312,"column":8},"end":{"line":312,"column":29}}},"branchMap":{"1":{"line":73,"type":"if","locations":[{"start":{"line":73,"column":8},"end":{"line":73,"column":8}},{"start":{"line":73,"column":8},"end":{"line":73,"column":8}}]},"2":{"line":83,"type":"if","locations":[{"start":{"line":83,"column":8},"end":{"line":83,"column":8}},{"start":{"line":83,"column":8},"end":{"line":83,"column":8}}]},"3":{"line":90,"type":"if","locations":[{"start":{"line":90,"column":12},"end":{"line":90,"column":12}},{"start":{"line":90,"column":12},"end":{"line":90,"column":12}}]},"4":{"line":121,"type":"if","locations":[{"start":{"line":121,"column":12},"end":{"line":121,"column":12}},{"start":{"line":121,"column":12},"end":{"line":121,"column":12}}]},"5":{"line":127,"type":"if","locations":[{"start":{"line":127,"column":8},"end":{"line":127,"column":8}},{"start":{"line":127,"column":8},"end":{"line":127,"column":8}}]},"6":{"line":147,"type":"if","locations":[{"start":{"line":147,"column":8},"end":{"line":147,"column":8}},{"start":{"line":147,"column":8},"end":{"line":147,"column":8}}]},"7":{"line":148,"type":"if","locations":[{"start":{"line":148,"column":8},"end":{"line":148,"column":8}},{"start":{"line":148,"column":8},"end":{"line":148,"column":8}}]},"8":{"line":170,"type":"if","locations":[{"start":{"line":170,"column":77},"end":{"line":170,"column":77}},{"start":{"line":170,"column":77},"end":{"line":170,"column":77}}]},"9":{"line":171,"type":"if","locations":[{"start":{"line":171,"column":8},"end":{"line":171,"column":8}},{"start":{"line":171,"column":8},"end":{"line":171,"column":8}}]},"10":{"line":174,"type":"if","locations":[{"start":{"line":174,"column":8},"end":{"line":174,"column":8}},{"start":{"line":174,"column":8},"end":{"line":174,"column":8}}]},"11":{"line":175,"type":"if","locations":[{"start":{"line":175,"column":8},"end":{"line":175,"column":8}},{"start":{"line":175,"column":8},"end":{"line":175,"column":8}}]},"12":{"line":176,"type":"if","locations":[{"start":{"line":176,"column":8},"end":{"line":176,"column":8}},{"start":{"line":176,"column":8},"end":{"line":176,"column":8}}]},"13":{"line":179,"type":"if","locations":[{"start":{"line":179,"column":8},"end":{"line":179,"column":8}},{"start":{"line":179,"column":8},"end":{"line":179,"column":8}}]},"14":{"line":196,"type":"if","locations":[{"start":{"line":196,"column":8},"end":{"line":196,"column":8}},{"start":{"line":196,"column":8},"end":{"line":196,"column":8}}]},"15":{"line":197,"type":"if","locations":[{"start":{"line":197,"column":8},"end":{"line":197,"column":8}},{"start":{"line":197,"column":8},"end":{"line":197,"column":8}}]},"16":{"line":208,"type":"if","locations":[{"start":{"line":208,"column":53},"end":{"line":208,"column":53}},{"start":{"line":208,"column":53},"end":{"line":208,"column":53}}]},"17":{"line":210,"type":"if","locations":[{"start":{"line":210,"column":8},"end":{"line":210,"column":8}},{"start":{"line":210,"column":8},"end":{"line":210,"column":8}}]},"18":{"line":213,"type":"if","locations":[{"start":{"line":213,"column":8},"end":{"line":213,"column":8}},{"start":{"line":213,"column":8},"end":{"line":213,"column":8}}]},"19":{"line":220,"type":"if","locations":[{"start":{"line":220,"column":8},"end":{"line":220,"column":8}},{"start":{"line":220,"column":8},"end":{"line":220,"column":8}}]},"20":{"line":223,"type":"if","locations":[{"start":{"line":223,"column":8},"end":{"line":223,"column":8}},{"start":{"line":223,"column":8},"end":{"line":223,"column":8}}]},"21":{"line":230,"type":"if","locations":[{"start":{"line":230,"column":53},"end":{"line":230,"column":62}},{"start":{"line":230,"column":66},"end":{"line":230,"column":66}}]},"22":{"line":231,"type":"if","locations":[{"start":{"line":231,"column":51},"end":{"line":231,"column":64}},{"start":{"line":231,"column":68},"end":{"line":231,"column":68}}]},"23":{"line":236,"type":"if","locations":[{"start":{"line":236,"column":70},"end":{"line":236,"column":103}},{"start":{"line":236,"column":107},"end":{"line":236,"column":107}}]},"24":{"line":241,"type":"if","locations":[{"start":{"line":241,"column":8},"end":{"line":241,"column":8}},{"start":{"line":241,"column":8},"end":{"line":241,"column":8}}]},"25":{"line":258,"type":"if","locations":[{"start":{"line":258,"column":8},"end":{"line":258,"column":8}},{"start":{"line":258,"column":8},"end":{"line":258,"column":8}}]},"26":{"line":261,"type":"if","locations":[{"start":{"line":261,"column":8},"end":{"line":261,"column":8}},{"start":{"line":261,"column":8},"end":{"line":261,"column":8}}]},"27":{"line":272,"type":"if","locations":[{"start":{"line":272,"column":8},"end":{"line":272,"column":8}},{"start":{"line":272,"column":8},"end":{"line":272,"column":8}}]},"28":{"line":273,"type":"if","locations":[{"start":{"line":273,"column":8},"end":{"line":273,"column":8}},{"start":{"line":273,"column":8},"end":{"line":273,"column":8}}]},"29":{"line":288,"type":"if","locations":[{"start":{"line":288,"column":79},"end":{"line":288,"column":79}},{"start":{"line":288,"column":79},"end":{"line":288,"column":79}}]},"30":{"line":289,"type":"if","locations":[{"start":{"line":289,"column":8},"end":{"line":289,"column":8}},{"start":{"line":289,"column":8},"end":{"line":289,"column":8}}]},"31":{"line":292,"type":"if","locations":[{"start":{"line":292,"column":8},"end":{"line":292,"column":8}},{"start":{"line":292,"column":8},"end":{"line":292,"column":8}}]}}}}