TN:
SF:/home/hrwarrior/Documents/DAppBook/contracts/BookRental.sol
FN:61,constructor
FN:72,registerAsArbitrator
FN:82,unregisterAsArbitrator
FN:102,getArbitratorCount
FN:107,getArbitratorPool
FN:112,_pickRandomArbitrator
FN:146,listItem
FN:170,rentItem
FN:194,returnItem
FN:208,confirmReturn
FN:270,raiseDispute
FN:288,resolveDispute
FN:311,getItem
FNF:13
FNH:12
FNDA:87,constructor
FNDA:14,registerAsArbitrator
FNDA:1,unregisterAsArbitrator
FNDA:1,getArbitratorCount
FNDA:1,getArbitratorPool
FNDA:4,_pickRandomArbitrator
FNDA:30,listItem
FNDA:27,rentItem
FNDA:14,returnItem
FNDA:6,confirmReturn
FNDA:4,raiseDispute
FNDA:2,resolveDispute
FNDA:0,getItem
DA:63,87
DA:64,87
DA:73,14
DA:75,13
DA:76,13
DA:78,13
DA:83,1
DA:85,1
DA:88,1
DA:89,1
DA:90,2
DA:91,1
DA:92,1
DA:93,1
DA:95,1
DA:98,1
DA:103,1
DA:108,1
DA:113,4
DA:116,4
DA:117,4
DA:119,4
DA:120,12
DA:121,12
DA:122,12
DA:123,12
DA:127,4
DA:130,4
DA:134,4
DA:147,30
DA:148,29
DA:150,28
DA:151,28
DA:163,28
DA:164,28
DA:171,27
DA:173,26
DA:174,26
DA:175,25
DA:176,24
DA:178,23
DA:179,23
DA:181,22
DA:182,22
DA:183,22
DA:184,22
DA:185,22
DA:187,22
DA:189,22
DA:195,14
DA:196,14
DA:197,14
DA:199,13
DA:200,13
DA:202,13
DA:209,6
DA:210,6
DA:213,6
DA:214,1
DA:218,5
DA:219,5
DA:220,5
DA:221,5
DA:223,5
DA:224,0
DA:228,5
DA:229,5
DA:230,5
DA:231,5
DA:232,5
DA:236,5
DA:238,5
DA:239,5
DA:241,5
DA:242,0
DA:243,0
DA:245,5
DA:246,5
DA:247,5
DA:252,5
DA:253,5
DA:254,5
DA:256,5
DA:258,5
DA:259,5
DA:261,5
DA:262,5
DA:265,5
DA:271,4
DA:272,4
DA:273,4
DA:276,4
DA:277,4
DA:279,4
DA:280,4
DA:282,4
DA:289,2
DA:291,1
DA:292,1
DA:294,1
DA:297,1
DA:299,1
DA:300,1
DA:301,1
DA:303,1
DA:305,1
DA:312,0
LF:107
LH:103
BRDA:73,1,0,1
BRDA:73,1,1,13
BRDA:83,2,0,0
BRDA:83,2,1,1
BRDA:90,3,0,1
BRDA:90,3,1,1
BRDA:121,4,0,12
BRDA:121,4,1,0
BRDA:127,5,0,0
BRDA:127,5,1,4
BRDA:147,6,0,1
BRDA:147,6,1,29
BRDA:148,7,0,1
BRDA:148,7,1,28
BRDA:170,8,0,27
BRDA:170,8,1,0
BRDA:171,9,0,1
BRDA:171,9,1,26
BRDA:174,10,0,1
BRDA:174,10,1,25
BRDA:175,11,0,1
BRDA:175,11,1,24
BRDA:176,12,0,1
BRDA:176,12,1,23
BRDA:179,13,0,1
BRDA:179,13,1,22
BRDA:196,14,0,0
BRDA:196,14,1,14
BRDA:197,15,0,1
BRDA:197,15,1,13
BRDA:208,16,0,6
BRDA:208,16,1,0
BRDA:210,17,0,0
BRDA:210,17,1,6
BRDA:213,18,0,1
BRDA:213,18,1,5
BRDA:220,19,0,5
BRDA:220,19,1,0
BRDA:223,20,0,0
BRDA:223,20,1,5
BRDA:230,21,0,4
BRDA:230,21,1,1
BRDA:231,22,0,1
BRDA:231,22,1,4
BRDA:236,23,0,1
BRDA:236,23,1,4
BRDA:241,24,0,0
BRDA:241,24,1,5
BRDA:258,25,0,5
BRDA:258,25,1,0
BRDA:261,26,0,5
BRDA:261,26,1,0
BRDA:272,27,0,0
BRDA:272,27,1,4
BRDA:273,28,0,0
BRDA:273,28,1,4
BRDA:288,29,0,2
BRDA:288,29,1,0
BRDA:289,30,0,1
BRDA:289,30,1,1
BRDA:292,31,0,0
BRDA:292,31,1,1
BRF:62
BRH:46
end_of_record
